<?xml version="1.0" encoding="UTF-8"?>
<!-- Generated by org.testng.reporters.JUnitXMLReporter -->
<testsuite ignored="2" hostname="CPC-debas-HPLU6" failures="0" tests="5" name="Default test" time="7.698" errors="0" timestamp="2024-05-03T09:44:27 IST">
  <testcase classname="com.qa.starwars.tests.GetFilmsAPI" name="verifyFilmTitles" time="4.57"/>
  <testcase classname="com.qa.starwars.tests.GetFilmsAPI" name="verifyFilmTitles" time="1.38"/>
  <testcase classname="com.qa.starwars.tests.GetFilmsAPI" name="verifyFilmTitles" time="0.182"/>
  <testcase classname="com.qa.starwars.tests.GetFilmsAPI" name="verifyFilmTitles" time="0.182"/>
  <testcase classname="com.qa.starwars.tests.GetFilmsAPI" name="verifyFilmTitles" time="1.266"/>
  <testcase classname="com.qa.starwars.tests.GetFilmsAPI" name="getFilmsAPITest" time="0.0">
    <ignored/>
  </testcase> <!-- getFilmsAPITest -->
  <testcase classname="com.qa.starwars.tests.GetFilmsAPI" name="getFilmDetailsMap" time="0.0">
    <ignored/>
  </testcase> <!-- getFilmDetailsMap -->
</testsuite> <!-- Default test -->
