<?xml version="1.0" encoding="UTF-8"?>
<testng-results ignored="0" total="5" passed="5" failed="0" skipped="0">
  <reporter-output>
  </reporter-output>
  <suite started-at="2024-05-03T09:44:19 IST" name="Default suite" finished-at="2024-05-03T09:44:27 IST" duration-ms="7698">
    <groups>
    </groups>
    <test started-at="2024-05-03T09:44:19 IST" name="Default test" finished-at="2024-05-03T09:44:27 IST" duration-ms="7698">
      <class name="com.qa.starwars.tests.GetFilmsAPI">
        <test-method signature="verifyFilmTitles(java.lang.String)[pri:0, instance:com.qa.starwars.tests.GetFilmsAPI@3a93b025]" started-at="2024-05-03T09:44:20 IST" name="verifyFilmTitles" data-provider="filmsTitle" finished-at="2024-05-03T09:44:24 IST" duration-ms="4570" status="PASS">
          <params>
            <param index="0">
              <value>
                <![CDATA[A New Hope]]>
              </value>
            </param>
          </params>
          <reporter-output>
          </reporter-output>
        </test-method> <!-- verifyFilmTitles -->
        <test-method signature="verifyFilmTitles(java.lang.String)[pri:0, instance:com.qa.starwars.tests.GetFilmsAPI@3a93b025]" started-at="2024-05-03T09:44:24 IST" name="verifyFilmTitles" data-provider="filmsTitle" finished-at="2024-05-03T09:44:26 IST" duration-ms="1380" status="PASS">
          <params>
            <param index="0">
              <value>
                <![CDATA[The Empire Strikes Back]]>
              </value>
            </param>
          </params>
          <reporter-output>
          </reporter-output>
        </test-method> <!-- verifyFilmTitles -->
        <test-method signature="verifyFilmTitles(java.lang.String)[pri:0, instance:com.qa.starwars.tests.GetFilmsAPI@3a93b025]" started-at="2024-05-03T09:44:26 IST" name="verifyFilmTitles" data-provider="filmsTitle" finished-at="2024-05-03T09:44:26 IST" duration-ms="182" status="PASS">
          <params>
            <param index="0">
              <value>
                <![CDATA[Return of the Jedi]]>
              </value>
            </param>
          </params>
          <reporter-output>
          </reporter-output>
        </test-method> <!-- verifyFilmTitles -->
        <test-method signature="verifyFilmTitles(java.lang.String)[pri:0, instance:com.qa.starwars.tests.GetFilmsAPI@3a93b025]" started-at="2024-05-03T09:44:26 IST" name="verifyFilmTitles" data-provider="filmsTitle" finished-at="2024-05-03T09:44:26 IST" duration-ms="182" status="PASS">
          <params>
            <param index="0">
              <value>
                <![CDATA[The Force Awakens]]>
              </value>
            </param>
          </params>
          <reporter-output>
          </reporter-output>
        </test-method> <!-- verifyFilmTitles -->
        <test-method signature="verifyFilmTitles(java.lang.String)[pri:0, instance:com.qa.starwars.tests.GetFilmsAPI@3a93b025]" started-at="2024-05-03T09:44:26 IST" name="verifyFilmTitles" data-provider="filmsTitle" finished-at="2024-05-03T09:44:27 IST" duration-ms="1266" status="PASS">
          <params>
            <param index="0">
              <value>
                <![CDATA[Revenge of the Sith]]>
              </value>
            </param>
          </params>
          <reporter-output>
          </reporter-output>
        </test-method> <!-- verifyFilmTitles -->
      </class> <!-- com.qa.starwars.tests.GetFilmsAPI -->
    </test> <!-- Default test -->
  </suite> <!-- Default suite -->
</testng-results>
